<?xml version="1.0" encoding="UTF-8"?>
<testng-results ignored="1" total="2" passed="1" failed="0" skipped="0">
  <reporter-output>
  </reporter-output>
  <suite started-at="2021-11-09T12:11:57Z" name="Default suite" finished-at="2021-11-09T12:12:00Z" duration-ms="2756">
    <groups>
    </groups>
    <test started-at="2021-11-09T12:11:57Z" name="Default test" finished-at="2021-11-09T12:12:00Z" duration-ms="2756">
      <class name="Day1.GitHubExample">
        <test-method signature="addRepository()[pri:0, instance:Day1.GitHubExample@30c8681]" started-at="2021-11-09T12:11:57Z" name="addRepository" description="Adding repository" finished-at="2021-11-09T12:12:00Z" duration-ms="2733" status="PASS">
          <reporter-output>
          </reporter-output>
        </test-method> <!-- addRepository -->
      </class> <!-- Day1.GitHubExample -->
    </test> <!-- Default test -->
  </suite> <!-- Default suite -->
</testng-results>
